<?xml version="1.0" encoding="UTF-8"?>
<testsuite name="Register in uTest" tests="1" skipped="0" failures="0" errors="0" timestamp="2022-07-31T05:43:16" hostname="LAPTOP-DRT225IF" time="37.938">
  <properties/>
  <testcase name="Register for Alejandro in uTest page." classname="Register in uTest" time="37.938"/>
  <system-out><![CDATA[]]></system-out>
  <system-err><![CDATA[[Test worker] WARN net.thucydides.core.steps.BaseStepListener - stepStarted: net.thucydides.core.steps.ExecutedStepDescription@50e90bf9
[Test worker] WARN net.thucydides.core.steps.BaseStepListener - stepStarted: net.thucydides.core.steps.ExecutedStepDescription@b3210b6
[Test worker] WARN net.thucydides.core.steps.BaseStepListener - stepStarted: net.thucydides.core.steps.ExecutedStepDescription@118e5ab5
jul. 31, 2022 12:43:17 A. M. org.openqa.selenium.remote.DesiredCapabilities chrome
INFORMACIÓN: Using `new ChromeOptions()` is preferred to `DesiredCapabilities.chrome()`
[Test worker] INFO net.serenitybdd.core.webdriver.driverproviders.ProvideNewDriver - Instantiating driver
[Test worker] INFO net.serenitybdd.core.webdriver.driverproviders.ProvideNewDriver - Driver capabilities: Capabilities {acceptInsecureCerts: false, browserName: chrome, chrome.switches: --start-maximized, goog:chromeOptions: {args: [--start-maximized], extensions: []}, loggingPrefs: org.openqa.selenium.logging..., platform: ANY, version: }
Starting ChromeDriver 103.0.5060.134 (8ec6fce403b3feb0869b0732eda8bd95011d333c-refs/branch-heads/5060@{#1262}) on port 37640
Only local connections are allowed.
Please see https://chromedriver.chromium.org/security-considerations for suggestions on keeping ChromeDriver safe.
ChromeDriver was started successfully.
jul. 31, 2022 12:43:20 A. M. org.openqa.selenium.remote.ProtocolHandshake createSession
INFORMACIÓN: Detected dialect: W3C
[Test worker] WARN net.thucydides.core.steps.BaseStepListener - stepFinished: current outcome:Register for Alejandro in uTest page.:Given than Alejandro wants to register in utest [Alejandro open up [Alejandro opens the Choucair utest page]]
[Test worker] WARN net.thucydides.core.steps.BaseStepListener - stepStarted: net.thucydides.core.steps.ExecutedStepDescription@44e95d0d
[Test worker] WARN net.thucydides.core.steps.BaseStepListener - stepFinished: current outcome:Register for Alejandro in uTest page.:Given than Alejandro wants to register in utest [Alejandro open up [Alejandro opens the Choucair utest page, Alejandro clicks on Join Today Button]]
[Test worker] WARN net.thucydides.core.steps.BaseStepListener - stepFinished: current outcome:Register for Alejandro in uTest page.:Given than Alejandro wants to register in utest [Alejandro open up [Alejandro opens the Choucair utest page, Alejandro clicks on Join Today Button]]
[Test worker] WARN net.thucydides.core.steps.BaseStepListener - stepFinished: current outcome:Register for Alejandro in uTest page.:Given than Alejandro wants to register in utest [Alejandro open up [Alejandro opens the Choucair utest page, Alejandro clicks on Join Today Button]]
[Test worker] WARN net.thucydides.core.steps.BaseStepListener - stepStarted: net.thucydides.core.steps.ExecutedStepDescription@6f036765
[Test worker] WARN net.thucydides.core.steps.BaseStepListener - stepStarted: net.thucydides.core.steps.ExecutedStepDescription@2fb80877
[Test worker] WARN net.thucydides.core.steps.BaseStepListener - stepStarted: net.thucydides.core.steps.ExecutedStepDescription@45322daa
[Test worker] WARN net.thucydides.core.steps.BaseStepListener - stepFinished: current outcome:Register for Alejandro in uTest page.:Given than Alejandro wants to register in utest [Alejandro open up [Alejandro opens the Choucair utest page, Alejandro clicks on Join Today Button]], When the user enters the required data
| strFirstName | strLastName | strEmail | strBirthMonth | strBirthDay | strBirthYear | strCity | strZip | strCountry | strBrand | strModel | strOS | strPassword |
| Alejandro | Betancur | alejobetancur2@gmail.com | June | 2 | 1991 | Medellín | 050047 | Colombia | Samsung | Galaxy Note 10 | Android 12 | AleJo345216* | [Alejandro fill [Alejandro enters 'Alejandro' into First Name]]
[Test worker] WARN net.thucydides.core.steps.BaseStepListener - stepStarted: net.thucydides.core.steps.ExecutedStepDescription@5edca270
[Test worker] WARN net.thucydides.core.steps.BaseStepListener - stepFinished: current outcome:Register for Alejandro in uTest page.:Given than Alejandro wants to register in utest [Alejandro open up [Alejandro opens the Choucair utest page, Alejandro clicks on Join Today Button]], When the user enters the required data
| strFirstName | strLastName | strEmail | strBirthMonth | strBirthDay | strBirthYear | strCity | strZip | strCountry | strBrand | strModel | strOS | strPassword |
| Alejandro | Betancur | alejobetancur2@gmail.com | June | 2 | 1991 | Medellín | 050047 | Colombia | Samsung | Galaxy Note 10 | Android 12 | AleJo345216* | [Alejandro fill [Alejandro enters 'Alejandro' into First Name, Alejandro enters 'Betancur' into Last Name]]
[Test worker] WARN net.thucydides.core.steps.BaseStepListener - stepStarted: net.thucydides.core.steps.ExecutedStepDescription@b456044
[Test worker] WARN net.thucydides.core.steps.BaseStepListener - stepFinished: current outcome:Register for Alejandro in uTest page.:Given than Alejandro wants to register in utest [Alejandro open up [Alejandro opens the Choucair utest page, Alejandro clicks on Join Today Button]], When the user enters the required data
| strFirstName | strLastName | strEmail | strBirthMonth | strBirthDay | strBirthYear | strCity | strZip | strCountry | strBrand | strModel | strOS | strPassword |
| Alejandro | Betancur | alejobetancur2@gmail.com | June | 2 | 1991 | Medellín | 050047 | Colombia | Samsung | Galaxy Note 10 | Android 12 | AleJo345216* | [Alejandro fill [Alejandro enters 'Alejandro' into First Name, Alejandro enters 'Betancur' into Last Name, Alejandro enters 'alejobetancur2@gmail.com' into Email]]
[Test worker] WARN net.thucydides.core.steps.BaseStepListener - stepStarted: net.thucydides.core.steps.ExecutedStepDescription@1ff466e4
[Test worker] WARN net.thucydides.core.steps.BaseStepListener - stepFinished: current outcome:Register for Alejandro in uTest page.:Given than Alejandro wants to register in utest [Alejandro open up [Alejandro opens the Choucair utest page, Alejandro clicks on Join Today Button]], When the user enters the required data
| strFirstName | strLastName | strEmail | strBirthMonth | strBirthDay | strBirthYear | strCity | strZip | strCountry | strBrand | strModel | strOS | strPassword |
| Alejandro | Betancur | alejobetancur2@gmail.com | June | 2 | 1991 | Medellín | 050047 | Colombia | Samsung | Galaxy Note 10 | Android 12 | AleJo345216* | [Alejandro fill [Alejandro enters 'Alejandro' into First Name, Alejandro enters 'Betancur' into Last Name, Alejandro enters 'alejobetancur2@gmail.com' into Email, Alejandro select June on Birth Month]]
[Test worker] WARN net.thucydides.core.steps.BaseStepListener - stepStarted: net.thucydides.core.steps.ExecutedStepDescription@62cd9e00
[Test worker] WARN net.thucydides.core.steps.BaseStepListener - stepFinished: current outcome:Register for Alejandro in uTest page.:Given than Alejandro wants to register in utest [Alejandro open up [Alejandro opens the Choucair utest page, Alejandro clicks on Join Today Button]], When the user enters the required data
| strFirstName | strLastName | strEmail | strBirthMonth | strBirthDay | strBirthYear | strCity | strZip | strCountry | strBrand | strModel | strOS | strPassword |
| Alejandro | Betancur | alejobetancur2@gmail.com | June | 2 | 1991 | Medellín | 050047 | Colombia | Samsung | Galaxy Note 10 | Android 12 | AleJo345216* | [Alejandro fill [Alejandro enters 'Alejandro' into First Name, Alejandro enters 'Betancur' into Last Name, Alejandro enters 'alejobetancur2@gmail.com' into Email, Alejandro select June on Birth Month, Alejandro select 2 on Birth Day]]
[Test worker] WARN net.thucydides.core.steps.BaseStepListener - stepStarted: net.thucydides.core.steps.ExecutedStepDescription@6818b0
[Test worker] WARN net.thucydides.core.steps.BaseStepListener - stepFinished: current outcome:Register for Alejandro in uTest page.:Given than Alejandro wants to register in utest [Alejandro open up [Alejandro opens the Choucair utest page, Alejandro clicks on Join Today Button]], When the user enters the required data
| strFirstName | strLastName | strEmail | strBirthMonth | strBirthDay | strBirthYear | strCity | strZip | strCountry | strBrand | strModel | strOS | strPassword |
| Alejandro | Betancur | alejobetancur2@gmail.com | June | 2 | 1991 | Medellín | 050047 | Colombia | Samsung | Galaxy Note 10 | Android 12 | AleJo345216* | [Alejandro fill [Alejandro enters 'Alejandro' into First Name, Alejandro enters 'Betancur' into Last Name, Alejandro enters 'alejobetancur2@gmail.com' into Email, Alejandro select June on Birth Month, Alejandro select 2 on Birth Day, Alejandro select 1991 on Birth Year]]
[Test worker] WARN net.thucydides.core.steps.BaseStepListener - stepStarted: net.thucydides.core.steps.ExecutedStepDescription@60330276
[Test worker] WARN net.thucydides.core.steps.BaseStepListener - stepFinished: current outcome:Register for Alejandro in uTest page.:Given than Alejandro wants to register in utest [Alejandro open up [Alejandro opens the Choucair utest page, Alejandro clicks on Join Today Button]], When the user enters the required data
| strFirstName | strLastName | strEmail | strBirthMonth | strBirthDay | strBirthYear | strCity | strZip | strCountry | strBrand | strModel | strOS | strPassword |
| Alejandro | Betancur | alejobetancur2@gmail.com | June | 2 | 1991 | Medellín | 050047 | Colombia | Samsung | Galaxy Note 10 | Android 12 | AleJo345216* | [Alejandro fill [Alejandro enters 'Alejandro' into First Name, Alejandro enters 'Betancur' into Last Name, Alejandro enters 'alejobetancur2@gmail.com' into Email, Alejandro select June on Birth Month, Alejandro select 2 on Birth Day, Alejandro select 1991 on Birth Year, Alejandro clicks on Go to next page]]
[Test worker] WARN net.thucydides.core.steps.BaseStepListener - stepFinished: current outcome:Register for Alejandro in uTest page.:Given than Alejandro wants to register in utest [Alejandro open up [Alejandro opens the Choucair utest page, Alejandro clicks on Join Today Button]], When the user enters the required data
| strFirstName | strLastName | strEmail | strBirthMonth | strBirthDay | strBirthYear | strCity | strZip | strCountry | strBrand | strModel | strOS | strPassword |
| Alejandro | Betancur | alejobetancur2@gmail.com | June | 2 | 1991 | Medellín | 050047 | Colombia | Samsung | Galaxy Note 10 | Android 12 | AleJo345216* | [Alejandro fill [Alejandro enters 'Alejandro' into First Name, Alejandro enters 'Betancur' into Last Name, Alejandro enters 'alejobetancur2@gmail.com' into Email, Alejandro select June on Birth Month, Alejandro select 2 on Birth Day, Alejandro select 1991 on Birth Year, Alejandro clicks on Go to next page]]
[Test worker] WARN net.thucydides.core.steps.BaseStepListener - stepStarted: net.thucydides.core.steps.ExecutedStepDescription@b3e5827
[Test worker] WARN net.thucydides.core.steps.BaseStepListener - stepStarted: net.thucydides.core.steps.ExecutedStepDescription@5257f4b3
[Test worker] WARN net.thucydides.core.steps.BaseStepListener - stepFinished: current outcome:Register for Alejandro in uTest page.:Given than Alejandro wants to register in utest [Alejandro open up [Alejandro opens the Choucair utest page, Alejandro clicks on Join Today Button]], When the user enters the required data
| strFirstName | strLastName | strEmail | strBirthMonth | strBirthDay | strBirthYear | strCity | strZip | strCountry | strBrand | strModel | strOS | strPassword |
| Alejandro | Betancur | alejobetancur2@gmail.com | June | 2 | 1991 | Medellín | 050047 | Colombia | Samsung | Galaxy Note 10 | Android 12 | AleJo345216* | [Alejandro fill [Alejandro enters 'Alejandro' into First Name, Alejandro enters 'Betancur' into Last Name, Alejandro enters 'alejobetancur2@gmail.com' into Email, Alejandro select June on Birth Month, Alejandro select 2 on Birth Day, Alejandro select 1991 on Birth Year, Alejandro clicks on Go to next page], Alejandro fill location [Alejandro enters 'Medellín' into City]]
[Test worker] WARN net.thucydides.core.steps.BaseStepListener - stepStarted: net.thucydides.core.steps.ExecutedStepDescription@344f1bca
[Test worker] WARN net.thucydides.core.steps.BaseStepListener - stepFinished: current outcome:Register for Alejandro in uTest page.:Given than Alejandro wants to register in utest [Alejandro open up [Alejandro opens the Choucair utest page, Alejandro clicks on Join Today Button]], When the user enters the required data
| strFirstName | strLastName | strEmail | strBirthMonth | strBirthDay | strBirthYear | strCity | strZip | strCountry | strBrand | strModel | strOS | strPassword |
| Alejandro | Betancur | alejobetancur2@gmail.com | June | 2 | 1991 | Medellín | 050047 | Colombia | Samsung | Galaxy Note 10 | Android 12 | AleJo345216* | [Alejandro fill [Alejandro enters 'Alejandro' into First Name, Alejandro enters 'Betancur' into Last Name, Alejandro enters 'alejobetancur2@gmail.com' into Email, Alejandro select June on Birth Month, Alejandro select 2 on Birth Day, Alejandro select 1991 on Birth Year, Alejandro clicks on Go to next page], Alejandro fill location [Alejandro enters 'Medellín' into City, Alejandro types 'ARROW_DOWN' in City]]
[Test worker] WARN net.thucydides.core.steps.BaseStepListener - stepStarted: net.thucydides.core.steps.ExecutedStepDescription@58aad144
[Test worker] WARN net.thucydides.core.steps.BaseStepListener - stepFinished: current outcome:Register for Alejandro in uTest page.:Given than Alejandro wants to register in utest [Alejandro open up [Alejandro opens the Choucair utest page, Alejandro clicks on Join Today Button]], When the user enters the required data
| strFirstName | strLastName | strEmail | strBirthMonth | strBirthDay | strBirthYear | strCity | strZip | strCountry | strBrand | strModel | strOS | strPassword |
| Alejandro | Betancur | alejobetancur2@gmail.com | June | 2 | 1991 | Medellín | 050047 | Colombia | Samsung | Galaxy Note 10 | Android 12 | AleJo345216* | [Alejandro fill [Alejandro enters 'Alejandro' into First Name, Alejandro enters 'Betancur' into Last Name, Alejandro enters 'alejobetancur2@gmail.com' into Email, Alejandro select June on Birth Month, Alejandro select 2 on Birth Day, Alejandro select 1991 on Birth Year, Alejandro clicks on Go to next page], Alejandro fill location [Alejandro enters 'Medellín' into City, Alejandro types 'ARROW_DOWN' in City, Alejandro types 'ENTER' in City]]
[Test worker] WARN net.thucydides.core.steps.BaseStepListener - stepStarted: net.thucydides.core.steps.ExecutedStepDescription@4037e3e1
[Test worker] WARN net.thucydides.core.steps.BaseStepListener - stepFinished: current outcome:Register for Alejandro in uTest page.:Given than Alejandro wants to register in utest [Alejandro open up [Alejandro opens the Choucair utest page, Alejandro clicks on Join Today Button]], When the user enters the required data
| strFirstName | strLastName | strEmail | strBirthMonth | strBirthDay | strBirthYear | strCity | strZip | strCountry | strBrand | strModel | strOS | strPassword |
| Alejandro | Betancur | alejobetancur2@gmail.com | June | 2 | 1991 | Medellín | 050047 | Colombia | Samsung | Galaxy Note 10 | Android 12 | AleJo345216* | [Alejandro fill [Alejandro enters 'Alejandro' into First Name, Alejandro enters 'Betancur' into Last Name, Alejandro enters 'alejobetancur2@gmail.com' into Email, Alejandro select June on Birth Month, Alejandro select 2 on Birth Day, Alejandro select 1991 on Birth Year, Alejandro clicks on Go to next page], Alejandro fill location [Alejandro enters 'Medellín' into City, Alejandro types 'ARROW_DOWN' in City, Alejandro types 'ENTER' in City, Alejandro enters '050047' into Zip]]
[Test worker] WARN net.thucydides.core.steps.BaseStepListener - stepStarted: net.thucydides.core.steps.ExecutedStepDescription@31bfb4f7
[Test worker] WARN net.thucydides.core.steps.BaseStepListener - stepFinished: current outcome:Register for Alejandro in uTest page.:Given than Alejandro wants to register in utest [Alejandro open up [Alejandro opens the Choucair utest page, Alejandro clicks on Join Today Button]], When the user enters the required data
| strFirstName | strLastName | strEmail | strBirthMonth | strBirthDay | strBirthYear | strCity | strZip | strCountry | strBrand | strModel | strOS | strPassword |
| Alejandro | Betancur | alejobetancur2@gmail.com | June | 2 | 1991 | Medellín | 050047 | Colombia | Samsung | Galaxy Note 10 | Android 12 | AleJo345216* | [Alejandro fill [Alejandro enters 'Alejandro' into First Name, Alejandro enters 'Betancur' into Last Name, Alejandro enters 'alejobetancur2@gmail.com' into Email, Alejandro select June on Birth Month, Alejandro select 2 on Birth Day, Alejandro select 1991 on Birth Year, Alejandro clicks on Go to next page], Alejandro fill location [Alejandro enters 'Medellín' into City, Alejandro types 'ARROW_DOWN' in City, Alejandro types 'ENTER' in City, Alejandro enters '050047' into Zip, Alejandro clicks on Country Container]]
[Test worker] WARN net.thucydides.core.steps.BaseStepListener - stepStarted: net.thucydides.core.steps.ExecutedStepDescription@7db617c6
[Test worker] WARN net.thucydides.core.steps.BaseStepListener - stepFinished: current outcome:Register for Alejandro in uTest page.:Given than Alejandro wants to register in utest [Alejandro open up [Alejandro opens the Choucair utest page, Alejandro clicks on Join Today Button]], When the user enters the required data
| strFirstName | strLastName | strEmail | strBirthMonth | strBirthDay | strBirthYear | strCity | strZip | strCountry | strBrand | strModel | strOS | strPassword |
| Alejandro | Betancur | alejobetancur2@gmail.com | June | 2 | 1991 | Medellín | 050047 | Colombia | Samsung | Galaxy Note 10 | Android 12 | AleJo345216* | [Alejandro fill [Alejandro enters 'Alejandro' into First Name, Alejandro enters 'Betancur' into Last Name, Alejandro enters 'alejobetancur2@gmail.com' into Email, Alejandro select June on Birth Month, Alejandro select 2 on Birth Day, Alejandro select 1991 on Birth Year, Alejandro clicks on Go to next page], Alejandro fill location [Alejandro enters 'Medellín' into City, Alejandro types 'ARROW_DOWN' in City, Alejandro types 'ENTER' in City, Alejandro enters '050047' into Zip, Alejandro clicks on Country Container, Alejandro enters 'Colombia' then hits ARROW_DOWN and ENTER into Country]]
[Test worker] WARN net.thucydides.core.steps.BaseStepListener - stepStarted: net.thucydides.core.steps.ExecutedStepDescription@2067fac6
[Test worker] WARN net.thucydides.core.steps.BaseStepListener - stepFinished: current outcome:Register for Alejandro in uTest page.:Given than Alejandro wants to register in utest [Alejandro open up [Alejandro opens the Choucair utest page, Alejandro clicks on Join Today Button]], When the user enters the required data
| strFirstName | strLastName | strEmail | strBirthMonth | strBirthDay | strBirthYear | strCity | strZip | strCountry | strBrand | strModel | strOS | strPassword |
| Alejandro | Betancur | alejobetancur2@gmail.com | June | 2 | 1991 | Medellín | 050047 | Colombia | Samsung | Galaxy Note 10 | Android 12 | AleJo345216* | [Alejandro fill [Alejandro enters 'Alejandro' into First Name, Alejandro enters 'Betancur' into Last Name, Alejandro enters 'alejobetancur2@gmail.com' into Email, Alejandro select June on Birth Month, Alejandro select 2 on Birth Day, Alejandro select 1991 on Birth Year, Alejandro clicks on Go to next page], Alejandro fill location [Alejandro enters 'Medellín' into City, Alejandro types 'ARROW_DOWN' in City, Alejandro types 'ENTER' in City, Alejandro enters '050047' into Zip, Alejandro clicks on Country Container, Alejandro enters 'Colombia' then hits ARROW_DOWN and ENTER into Country, Alejandro clicks on Go to next devices]]
[Test worker] WARN net.thucydides.core.steps.BaseStepListener - stepFinished: current outcome:Register for Alejandro in uTest page.:Given than Alejandro wants to register in utest [Alejandro open up [Alejandro opens the Choucair utest page, Alejandro clicks on Join Today Button]], When the user enters the required data
| strFirstName | strLastName | strEmail | strBirthMonth | strBirthDay | strBirthYear | strCity | strZip | strCountry | strBrand | strModel | strOS | strPassword |
| Alejandro | Betancur | alejobetancur2@gmail.com | June | 2 | 1991 | Medellín | 050047 | Colombia | Samsung | Galaxy Note 10 | Android 12 | AleJo345216* | [Alejandro fill [Alejandro enters 'Alejandro' into First Name, Alejandro enters 'Betancur' into Last Name, Alejandro enters 'alejobetancur2@gmail.com' into Email, Alejandro select June on Birth Month, Alejandro select 2 on Birth Day, Alejandro select 1991 on Birth Year, Alejandro clicks on Go to next page], Alejandro fill location [Alejandro enters 'Medellín' into City, Alejandro types 'ARROW_DOWN' in City, Alejandro types 'ENTER' in City, Alejandro enters '050047' into Zip, Alejandro clicks on Country Container, Alejandro enters 'Colombia' then hits ARROW_DOWN and ENTER into Country, Alejandro clicks on Go to next devices]]
[Test worker] WARN net.thucydides.core.steps.BaseStepListener - stepStarted: net.thucydides.core.steps.ExecutedStepDescription@1cfc78a5
[Test worker] WARN net.thucydides.core.steps.BaseStepListener - stepStarted: net.thucydides.core.steps.ExecutedStepDescription@5b7e9065
[Test worker] WARN net.thucydides.core.steps.BaseStepListener - stepFinished: current outcome:Register for Alejandro in uTest page.:Given than Alejandro wants to register in utest [Alejandro open up [Alejandro opens the Choucair utest page, Alejandro clicks on Join Today Button]], When the user enters the required data
| strFirstName | strLastName | strEmail | strBirthMonth | strBirthDay | strBirthYear | strCity | strZip | strCountry | strBrand | strModel | strOS | strPassword |
| Alejandro | Betancur | alejobetancur2@gmail.com | June | 2 | 1991 | Medellín | 050047 | Colombia | Samsung | Galaxy Note 10 | Android 12 | AleJo345216* | [Alejandro fill [Alejandro enters 'Alejandro' into First Name, Alejandro enters 'Betancur' into Last Name, Alejandro enters 'alejobetancur2@gmail.com' into Email, Alejandro select June on Birth Month, Alejandro select 2 on Birth Day, Alejandro select 1991 on Birth Year, Alejandro clicks on Go to next page], Alejandro fill location [Alejandro enters 'Medellín' into City, Alejandro types 'ARROW_DOWN' in City, Alejandro types 'ENTER' in City, Alejandro enters '050047' into Zip, Alejandro clicks on Country Container, Alejandro enters 'Colombia' then hits ARROW_DOWN and ENTER into Country, Alejandro clicks on Go to next devices], Alejandro fill device [Alejandro clicks on Brand container]]
[Test worker] WARN net.thucydides.core.steps.BaseStepListener - stepStarted: net.thucydides.core.steps.ExecutedStepDescription@52088f72
[Test worker] WARN net.thucydides.core.steps.BaseStepListener - stepFinished: current outcome:Register for Alejandro in uTest page.:Given than Alejandro wants to register in utest [Alejandro open up [Alejandro opens the Choucair utest page, Alejandro clicks on Join Today Button]], When the user enters the required data
| strFirstName | strLastName | strEmail | strBirthMonth | strBirthDay | strBirthYear | strCity | strZip | strCountry | strBrand | strModel | strOS | strPassword |
| Alejandro | Betancur | alejobetancur2@gmail.com | June | 2 | 1991 | Medellín | 050047 | Colombia | Samsung | Galaxy Note 10 | Android 12 | AleJo345216* | [Alejandro fill [Alejandro enters 'Alejandro' into First Name, Alejandro enters 'Betancur' into Last Name, Alejandro enters 'alejobetancur2@gmail.com' into Email, Alejandro select June on Birth Month, Alejandro select 2 on Birth Day, Alejandro select 1991 on Birth Year, Alejandro clicks on Go to next page], Alejandro fill location [Alejandro enters 'Medellín' into City, Alejandro types 'ARROW_DOWN' in City, Alejandro types 'ENTER' in City, Alejandro enters '050047' into Zip, Alejandro clicks on Country Container, Alejandro enters 'Colombia' then hits ARROW_DOWN and ENTER into Country, Alejandro clicks on Go to next devices], Alejandro fill device [Alejandro clicks on Brand container, Alejandro enters 'Samsung' then hits ARROW_DOWN and ENTER into Brand]]
[Test worker] WARN net.thucydides.core.steps.BaseStepListener - stepStarted: net.thucydides.core.steps.ExecutedStepDescription@5c27b10d
[Test worker] WARN net.thucydides.core.steps.BaseStepListener - stepFinished: current outcome:Register for Alejandro in uTest page.:Given than Alejandro wants to register in utest [Alejandro open up [Alejandro opens the Choucair utest page, Alejandro clicks on Join Today Button]], When the user enters the required data
| strFirstName | strLastName | strEmail | strBirthMonth | strBirthDay | strBirthYear | strCity | strZip | strCountry | strBrand | strModel | strOS | strPassword |
| Alejandro | Betancur | alejobetancur2@gmail.com | June | 2 | 1991 | Medellín | 050047 | Colombia | Samsung | Galaxy Note 10 | Android 12 | AleJo345216* | [Alejandro fill [Alejandro enters 'Alejandro' into First Name, Alejandro enters 'Betancur' into Last Name, Alejandro enters 'alejobetancur2@gmail.com' into Email, Alejandro select June on Birth Month, Alejandro select 2 on Birth Day, Alejandro select 1991 on Birth Year, Alejandro clicks on Go to next page], Alejandro fill location [Alejandro enters 'Medellín' into City, Alejandro types 'ARROW_DOWN' in City, Alejandro types 'ENTER' in City, Alejandro enters '050047' into Zip, Alejandro clicks on Country Container, Alejandro enters 'Colombia' then hits ARROW_DOWN and ENTER into Country, Alejandro clicks on Go to next devices], Alejandro fill device [Alejandro clicks on Brand container, Alejandro enters 'Samsung' then hits ARROW_DOWN and ENTER into Brand, Alejandro clicks on Model Container]]
[Test worker] WARN net.thucydides.core.steps.BaseStepListener - stepStarted: net.thucydides.core.steps.ExecutedStepDescription@51cc92d
[Test worker] WARN net.thucydides.core.steps.BaseStepListener - stepFinished: current outcome:Register for Alejandro in uTest page.:Given than Alejandro wants to register in utest [Alejandro open up [Alejandro opens the Choucair utest page, Alejandro clicks on Join Today Button]], When the user enters the required data
| strFirstName | strLastName | strEmail | strBirthMonth | strBirthDay | strBirthYear | strCity | strZip | strCountry | strBrand | strModel | strOS | strPassword |
| Alejandro | Betancur | alejobetancur2@gmail.com | June | 2 | 1991 | Medellín | 050047 | Colombia | Samsung | Galaxy Note 10 | Android 12 | AleJo345216* | [Alejandro fill [Alejandro enters 'Alejandro' into First Name, Alejandro enters 'Betancur' into Last Name, Alejandro enters 'alejobetancur2@gmail.com' into Email, Alejandro select June on Birth Month, Alejandro select 2 on Birth Day, Alejandro select 1991 on Birth Year, Alejandro clicks on Go to next page], Alejandro fill location [Alejandro enters 'Medellín' into City, Alejandro types 'ARROW_DOWN' in City, Alejandro types 'ENTER' in City, Alejandro enters '050047' into Zip, Alejandro clicks on Country Container, Alejandro enters 'Colombia' then hits ARROW_DOWN and ENTER into Country, Alejandro clicks on Go to next devices], Alejandro fill device [Alejandro clicks on Brand container, Alejandro enters 'Samsung' then hits ARROW_DOWN and ENTER into Brand, Alejandro clicks on Model Container, Alejandro enters 'Galaxy Note 10' then hits ARROW_DOWN and ENTER into Model]]
[Test worker] WARN net.thucydides.core.steps.BaseStepListener - stepStarted: net.thucydides.core.steps.ExecutedStepDescription@5d8609de
[Test worker] WARN net.thucydides.core.steps.BaseStepListener - stepFinished: current outcome:Register for Alejandro in uTest page.:Given than Alejandro wants to register in utest [Alejandro open up [Alejandro opens the Choucair utest page, Alejandro clicks on Join Today Button]], When the user enters the required data
| strFirstName | strLastName | strEmail | strBirthMonth | strBirthDay | strBirthYear | strCity | strZip | strCountry | strBrand | strModel | strOS | strPassword |
| Alejandro | Betancur | alejobetancur2@gmail.com | June | 2 | 1991 | Medellín | 050047 | Colombia | Samsung | Galaxy Note 10 | Android 12 | AleJo345216* | [Alejandro fill [Alejandro enters 'Alejandro' into First Name, Alejandro enters 'Betancur' into Last Name, Alejandro enters 'alejobetancur2@gmail.com' into Email, Alejandro select June on Birth Month, Alejandro select 2 on Birth Day, Alejandro select 1991 on Birth Year, Alejandro clicks on Go to next page], Alejandro fill location [Alejandro enters 'Medellín' into City, Alejandro types 'ARROW_DOWN' in City, Alejandro types 'ENTER' in City, Alejandro enters '050047' into Zip, Alejandro clicks on Country Container, Alejandro enters 'Colombia' then hits ARROW_DOWN and ENTER into Country, Alejandro clicks on Go to next devices], Alejandro fill device [Alejandro clicks on Brand container, Alejandro enters 'Samsung' then hits ARROW_DOWN and ENTER into Brand, Alejandro clicks on Model Container, Alejandro enters 'Galaxy Note 10' then hits ARROW_DOWN and ENTER into Model, Alejandro clicks on Os Container]]
[Test worker] WARN net.thucydides.core.steps.BaseStepListener - stepStarted: net.thucydides.core.steps.ExecutedStepDescription@271c114e
[Test worker] WARN net.thucydides.core.steps.BaseStepListener - stepFinished: current outcome:Register for Alejandro in uTest page.:Given than Alejandro wants to register in utest [Alejandro open up [Alejandro opens the Choucair utest page, Alejandro clicks on Join Today Button]], When the user enters the required data
| strFirstName | strLastName | strEmail | strBirthMonth | strBirthDay | strBirthYear | strCity | strZip | strCountry | strBrand | strModel | strOS | strPassword |
| Alejandro | Betancur | alejobetancur2@gmail.com | June | 2 | 1991 | Medellín | 050047 | Colombia | Samsung | Galaxy Note 10 | Android 12 | AleJo345216* | [Alejandro fill [Alejandro enters 'Alejandro' into First Name, Alejandro enters 'Betancur' into Last Name, Alejandro enters 'alejobetancur2@gmail.com' into Email, Alejandro select June on Birth Month, Alejandro select 2 on Birth Day, Alejandro select 1991 on Birth Year, Alejandro clicks on Go to next page], Alejandro fill location [Alejandro enters 'Medellín' into City, Alejandro types 'ARROW_DOWN' in City, Alejandro types 'ENTER' in City, Alejandro enters '050047' into Zip, Alejandro clicks on Country Container, Alejandro enters 'Colombia' then hits ARROW_DOWN and ENTER into Country, Alejandro clicks on Go to next devices], Alejandro fill device [Alejandro clicks on Brand container, Alejandro enters 'Samsung' then hits ARROW_DOWN and ENTER into Brand, Alejandro clicks on Model Container, Alejandro enters 'Galaxy Note 10' then hits ARROW_DOWN and ENTER into Model, Alejandro clicks on Os Container, Alejandro enters 'Android 12' then hits ARROW_DOWN and ENTER into OS]]
[Test worker] WARN net.thucydides.core.steps.BaseStepListener - stepStarted: net.thucydides.core.steps.ExecutedStepDescription@2cb9b9dc
[Test worker] WARN net.thucydides.core.steps.BaseStepListener - stepFinished: current outcome:Register for Alejandro in uTest page.:Given than Alejandro wants to register in utest [Alejandro open up [Alejandro opens the Choucair utest page, Alejandro clicks on Join Today Button]], When the user enters the required data
| strFirstName | strLastName | strEmail | strBirthMonth | strBirthDay | strBirthYear | strCity | strZip | strCountry | strBrand | strModel | strOS | strPassword |
| Alejandro | Betancur | alejobetancur2@gmail.com | June | 2 | 1991 | Medellín | 050047 | Colombia | Samsung | Galaxy Note 10 | Android 12 | AleJo345216* | [Alejandro fill [Alejandro enters 'Alejandro' into First Name, Alejandro enters 'Betancur' into Last Name, Alejandro enters 'alejobetancur2@gmail.com' into Email, Alejandro select June on Birth Month, Alejandro select 2 on Birth Day, Alejandro select 1991 on Birth Year, Alejandro clicks on Go to next page], Alejandro fill location [Alejandro enters 'Medellín' into City, Alejandro types 'ARROW_DOWN' in City, Alejandro types 'ENTER' in City, Alejandro enters '050047' into Zip, Alejandro clicks on Country Container, Alejandro enters 'Colombia' then hits ARROW_DOWN and ENTER into Country, Alejandro clicks on Go to next devices], Alejandro fill device [Alejandro clicks on Brand container, Alejandro enters 'Samsung' then hits ARROW_DOWN and ENTER into Brand, Alejandro clicks on Model Container, Alejandro enters 'Galaxy Note 10' then hits ARROW_DOWN and ENTER into Model, Alejandro clicks on Os Container, Alejandro enters 'Android 12' then hits ARROW_DOWN and ENTER into OS, Alejandro clicks on Last Step]]
[Test worker] WARN net.thucydides.core.steps.BaseStepListener - stepFinished: current outcome:Register for Alejandro in uTest page.:Given than Alejandro wants to register in utest [Alejandro open up [Alejandro opens the Choucair utest page, Alejandro clicks on Join Today Button]], When the user enters the required data
| strFirstName | strLastName | strEmail | strBirthMonth | strBirthDay | strBirthYear | strCity | strZip | strCountry | strBrand | strModel | strOS | strPassword |
| Alejandro | Betancur | alejobetancur2@gmail.com | June | 2 | 1991 | Medellín | 050047 | Colombia | Samsung | Galaxy Note 10 | Android 12 | AleJo345216* | [Alejandro fill [Alejandro enters 'Alejandro' into First Name, Alejandro enters 'Betancur' into Last Name, Alejandro enters 'alejobetancur2@gmail.com' into Email, Alejandro select June on Birth Month, Alejandro select 2 on Birth Day, Alejandro select 1991 on Birth Year, Alejandro clicks on Go to next page], Alejandro fill location [Alejandro enters 'Medellín' into City, Alejandro types 'ARROW_DOWN' in City, Alejandro types 'ENTER' in City, Alejandro enters '050047' into Zip, Alejandro clicks on Country Container, Alejandro enters 'Colombia' then hits ARROW_DOWN and ENTER into Country, Alejandro clicks on Go to next devices], Alejandro fill device [Alejandro clicks on Brand container, Alejandro enters 'Samsung' then hits ARROW_DOWN and ENTER into Brand, Alejandro clicks on Model Container, Alejandro enters 'Galaxy Note 10' then hits ARROW_DOWN and ENTER into Model, Alejandro clicks on Os Container, Alejandro enters 'Android 12' then hits ARROW_DOWN and ENTER into OS, Alejandro clicks on Last Step]]
[Test worker] WARN net.thucydides.core.steps.BaseStepListener - stepStarted: net.thucydides.core.steps.ExecutedStepDescription@6af4a48
[Test worker] WARN net.thucydides.core.steps.BaseStepListener - stepStarted: net.thucydides.core.steps.ExecutedStepDescription@2a75342b
[Test worker] WARN net.thucydides.core.steps.BaseStepListener - stepFinished: current outcome:Register for Alejandro in uTest page.:Given than Alejandro wants to register in utest [Alejandro open up [Alejandro opens the Choucair utest page, Alejandro clicks on Join Today Button]], When the user enters the required data
| strFirstName | strLastName | strEmail | strBirthMonth | strBirthDay | strBirthYear | strCity | strZip | strCountry | strBrand | strModel | strOS | strPassword |
| Alejandro | Betancur | alejobetancur2@gmail.com | June | 2 | 1991 | Medellín | 050047 | Colombia | Samsung | Galaxy Note 10 | Android 12 | AleJo345216* | [Alejandro fill [Alejandro enters 'Alejandro' into First Name, Alejandro enters 'Betancur' into Last Name, Alejandro enters 'alejobetancur2@gmail.com' into Email, Alejandro select June on Birth Month, Alejandro select 2 on Birth Day, Alejandro select 1991 on Birth Year, Alejandro clicks on Go to next page], Alejandro fill location [Alejandro enters 'Medellín' into City, Alejandro types 'ARROW_DOWN' in City, Alejandro types 'ENTER' in City, Alejandro enters '050047' into Zip, Alejandro clicks on Country Container, Alejandro enters 'Colombia' then hits ARROW_DOWN and ENTER into Country, Alejandro clicks on Go to next devices], Alejandro fill device [Alejandro clicks on Brand container, Alejandro enters 'Samsung' then hits ARROW_DOWN and ENTER into Brand, Alejandro clicks on Model Container, Alejandro enters 'Galaxy Note 10' then hits ARROW_DOWN and ENTER into Model, Alejandro clicks on Os Container, Alejandro enters 'Android 12' then hits ARROW_DOWN and ENTER into OS, Alejandro clicks on Last Step], Alejandro fill last step [Alejandro enters 'AleJo345216*' into Password]]
[Test worker] WARN net.thucydides.core.steps.BaseStepListener - stepStarted: net.thucydides.core.steps.ExecutedStepDescription@29ab41cb
[Test worker] WARN net.thucydides.core.steps.BaseStepListener - stepFinished: current outcome:Register for Alejandro in uTest page.:Given than Alejandro wants to register in utest [Alejandro open up [Alejandro opens the Choucair utest page, Alejandro clicks on Join Today Button]], When the user enters the required data
| strFirstName | strLastName | strEmail | strBirthMonth | strBirthDay | strBirthYear | strCity | strZip | strCountry | strBrand | strModel | strOS | strPassword |
| Alejandro | Betancur | alejobetancur2@gmail.com | June | 2 | 1991 | Medellín | 050047 | Colombia | Samsung | Galaxy Note 10 | Android 12 | AleJo345216* | [Alejandro fill [Alejandro enters 'Alejandro' into First Name, Alejandro enters 'Betancur' into Last Name, Alejandro enters 'alejobetancur2@gmail.com' into Email, Alejandro select June on Birth Month, Alejandro select 2 on Birth Day, Alejandro select 1991 on Birth Year, Alejandro clicks on Go to next page], Alejandro fill location [Alejandro enters 'Medellín' into City, Alejandro types 'ARROW_DOWN' in City, Alejandro types 'ENTER' in City, Alejandro enters '050047' into Zip, Alejandro clicks on Country Container, Alejandro enters 'Colombia' then hits ARROW_DOWN and ENTER into Country, Alejandro clicks on Go to next devices], Alejandro fill device [Alejandro clicks on Brand container, Alejandro enters 'Samsung' then hits ARROW_DOWN and ENTER into Brand, Alejandro clicks on Model Container, Alejandro enters 'Galaxy Note 10' then hits ARROW_DOWN and ENTER into Model, Alejandro clicks on Os Container, Alejandro enters 'Android 12' then hits ARROW_DOWN and ENTER into OS, Alejandro clicks on Last Step], Alejandro fill last step [Alejandro enters 'AleJo345216*' into Password, Alejandro enters 'AleJo345216*' into Confirm Password]]
[Test worker] WARN net.thucydides.core.steps.BaseStepListener - stepStarted: net.thucydides.core.steps.ExecutedStepDescription@1cd6b18c
[Test worker] WARN net.thucydides.core.steps.BaseStepListener - stepFinished: current outcome:Register for Alejandro in uTest page.:Given than Alejandro wants to register in utest [Alejandro open up [Alejandro opens the Choucair utest page, Alejandro clicks on Join Today Button]], When the user enters the required data
| strFirstName | strLastName | strEmail | strBirthMonth | strBirthDay | strBirthYear | strCity | strZip | strCountry | strBrand | strModel | strOS | strPassword |
| Alejandro | Betancur | alejobetancur2@gmail.com | June | 2 | 1991 | Medellín | 050047 | Colombia | Samsung | Galaxy Note 10 | Android 12 | AleJo345216* | [Alejandro fill [Alejandro enters 'Alejandro' into First Name, Alejandro enters 'Betancur' into Last Name, Alejandro enters 'alejobetancur2@gmail.com' into Email, Alejandro select June on Birth Month, Alejandro select 2 on Birth Day, Alejandro select 1991 on Birth Year, Alejandro clicks on Go to next page], Alejandro fill location [Alejandro enters 'Medellín' into City, Alejandro types 'ARROW_DOWN' in City, Alejandro types 'ENTER' in City, Alejandro enters '050047' into Zip, Alejandro clicks on Country Container, Alejandro enters 'Colombia' then hits ARROW_DOWN and ENTER into Country, Alejandro clicks on Go to next devices], Alejandro fill device [Alejandro clicks on Brand container, Alejandro enters 'Samsung' then hits ARROW_DOWN and ENTER into Brand, Alejandro clicks on Model Container, Alejandro enters 'Galaxy Note 10' then hits ARROW_DOWN and ENTER into Model, Alejandro clicks on Os Container, Alejandro enters 'Android 12' then hits ARROW_DOWN and ENTER into OS, Alejandro clicks on Last Step], Alejandro fill last step [Alejandro enters 'AleJo345216*' into Password, Alejandro enters 'AleJo345216*' into Confirm Password, Alejandro clicks on Stay Informed]]
[Test worker] WARN net.thucydides.core.steps.BaseStepListener - stepStarted: net.thucydides.core.steps.ExecutedStepDescription@7cc9b18a
[Test worker] WARN net.thucydides.core.steps.BaseStepListener - stepFinished: current outcome:Register for Alejandro in uTest page.:Given than Alejandro wants to register in utest [Alejandro open up [Alejandro opens the Choucair utest page, Alejandro clicks on Join Today Button]], When the user enters the required data
| strFirstName | strLastName | strEmail | strBirthMonth | strBirthDay | strBirthYear | strCity | strZip | strCountry | strBrand | strModel | strOS | strPassword |
| Alejandro | Betancur | alejobetancur2@gmail.com | June | 2 | 1991 | Medellín | 050047 | Colombia | Samsung | Galaxy Note 10 | Android 12 | AleJo345216* | [Alejandro fill [Alejandro enters 'Alejandro' into First Name, Alejandro enters 'Betancur' into Last Name, Alejandro enters 'alejobetancur2@gmail.com' into Email, Alejandro select June on Birth Month, Alejandro select 2 on Birth Day, Alejandro select 1991 on Birth Year, Alejandro clicks on Go to next page], Alejandro fill location [Alejandro enters 'Medellín' into City, Alejandro types 'ARROW_DOWN' in City, Alejandro types 'ENTER' in City, Alejandro enters '050047' into Zip, Alejandro clicks on Country Container, Alejandro enters 'Colombia' then hits ARROW_DOWN and ENTER into Country, Alejandro clicks on Go to next devices], Alejandro fill device [Alejandro clicks on Brand container, Alejandro enters 'Samsung' then hits ARROW_DOWN and ENTER into Brand, Alejandro clicks on Model Container, Alejandro enters 'Galaxy Note 10' then hits ARROW_DOWN and ENTER into Model, Alejandro clicks on Os Container, Alejandro enters 'Android 12' then hits ARROW_DOWN and ENTER into OS, Alejandro clicks on Last Step], Alejandro fill last step [Alejandro enters 'AleJo345216*' into Password, Alejandro enters 'AleJo345216*' into Confirm Password, Alejandro clicks on Stay Informed, Alejandro clicks on Terms of use]]
[Test worker] WARN net.thucydides.core.steps.BaseStepListener - stepStarted: net.thucydides.core.steps.ExecutedStepDescription@42e0106b
[Test worker] WARN net.thucydides.core.steps.BaseStepListener - stepFinished: current outcome:Register for Alejandro in uTest page.:Given than Alejandro wants to register in utest [Alejandro open up [Alejandro opens the Choucair utest page, Alejandro clicks on Join Today Button]], When the user enters the required data
| strFirstName | strLastName | strEmail | strBirthMonth | strBirthDay | strBirthYear | strCity | strZip | strCountry | strBrand | strModel | strOS | strPassword |
| Alejandro | Betancur | alejobetancur2@gmail.com | June | 2 | 1991 | Medellín | 050047 | Colombia | Samsung | Galaxy Note 10 | Android 12 | AleJo345216* | [Alejandro fill [Alejandro enters 'Alejandro' into First Name, Alejandro enters 'Betancur' into Last Name, Alejandro enters 'alejobetancur2@gmail.com' into Email, Alejandro select June on Birth Month, Alejandro select 2 on Birth Day, Alejandro select 1991 on Birth Year, Alejandro clicks on Go to next page], Alejandro fill location [Alejandro enters 'Medellín' into City, Alejandro types 'ARROW_DOWN' in City, Alejandro types 'ENTER' in City, Alejandro enters '050047' into Zip, Alejandro clicks on Country Container, Alejandro enters 'Colombia' then hits ARROW_DOWN and ENTER into Country, Alejandro clicks on Go to next devices], Alejandro fill device [Alejandro clicks on Brand container, Alejandro enters 'Samsung' then hits ARROW_DOWN and ENTER into Brand, Alejandro clicks on Model Container, Alejandro enters 'Galaxy Note 10' then hits ARROW_DOWN and ENTER into Model, Alejandro clicks on Os Container, Alejandro enters 'Android 12' then hits ARROW_DOWN and ENTER into OS, Alejandro clicks on Last Step], Alejandro fill last step [Alejandro enters 'AleJo345216*' into Password, Alejandro enters 'AleJo345216*' into Confirm Password, Alejandro clicks on Stay Informed, Alejandro clicks on Terms of use, Alejandro clicks on Privacy and security Policy]]
[Test worker] WARN net.thucydides.core.steps.BaseStepListener - stepStarted: net.thucydides.core.steps.ExecutedStepDescription@b888ac
[Test worker] WARN net.thucydides.core.steps.BaseStepListener - stepFinished: current outcome:Register for Alejandro in uTest page.:Given than Alejandro wants to register in utest [Alejandro open up [Alejandro opens the Choucair utest page, Alejandro clicks on Join Today Button]], When the user enters the required data
| strFirstName | strLastName | strEmail | strBirthMonth | strBirthDay | strBirthYear | strCity | strZip | strCountry | strBrand | strModel | strOS | strPassword |
| Alejandro | Betancur | alejobetancur2@gmail.com | June | 2 | 1991 | Medellín | 050047 | Colombia | Samsung | Galaxy Note 10 | Android 12 | AleJo345216* | [Alejandro fill [Alejandro enters 'Alejandro' into First Name, Alejandro enters 'Betancur' into Last Name, Alejandro enters 'alejobetancur2@gmail.com' into Email, Alejandro select June on Birth Month, Alejandro select 2 on Birth Day, Alejandro select 1991 on Birth Year, Alejandro clicks on Go to next page], Alejandro fill location [Alejandro enters 'Medellín' into City, Alejandro types 'ARROW_DOWN' in City, Alejandro types 'ENTER' in City, Alejandro enters '050047' into Zip, Alejandro clicks on Country Container, Alejandro enters 'Colombia' then hits ARROW_DOWN and ENTER into Country, Alejandro clicks on Go to next devices], Alejandro fill device [Alejandro clicks on Brand container, Alejandro enters 'Samsung' then hits ARROW_DOWN and ENTER into Brand, Alejandro clicks on Model Container, Alejandro enters 'Galaxy Note 10' then hits ARROW_DOWN and ENTER into Model, Alejandro clicks on Os Container, Alejandro enters 'Android 12' then hits ARROW_DOWN and ENTER into OS, Alejandro clicks on Last Step], Alejandro fill last step [Alejandro enters 'AleJo345216*' into Password, Alejandro enters 'AleJo345216*' into Confirm Password, Alejandro clicks on Stay Informed, Alejandro clicks on Terms of use, Alejandro clicks on Privacy and security Policy, Alejandro clicks on Complete Setup]]
[Test worker] WARN net.thucydides.core.steps.BaseStepListener - stepFinished: current outcome:Register for Alejandro in uTest page.:Given than Alejandro wants to register in utest [Alejandro open up [Alejandro opens the Choucair utest page, Alejandro clicks on Join Today Button]], When the user enters the required data
| strFirstName | strLastName | strEmail | strBirthMonth | strBirthDay | strBirthYear | strCity | strZip | strCountry | strBrand | strModel | strOS | strPassword |
| Alejandro | Betancur | alejobetancur2@gmail.com | June | 2 | 1991 | Medellín | 050047 | Colombia | Samsung | Galaxy Note 10 | Android 12 | AleJo345216* | [Alejandro fill [Alejandro enters 'Alejandro' into First Name, Alejandro enters 'Betancur' into Last Name, Alejandro enters 'alejobetancur2@gmail.com' into Email, Alejandro select June on Birth Month, Alejandro select 2 on Birth Day, Alejandro select 1991 on Birth Year, Alejandro clicks on Go to next page], Alejandro fill location [Alejandro enters 'Medellín' into City, Alejandro types 'ARROW_DOWN' in City, Alejandro types 'ENTER' in City, Alejandro enters '050047' into Zip, Alejandro clicks on Country Container, Alejandro enters 'Colombia' then hits ARROW_DOWN and ENTER into Country, Alejandro clicks on Go to next devices], Alejandro fill device [Alejandro clicks on Brand container, Alejandro enters 'Samsung' then hits ARROW_DOWN and ENTER into Brand, Alejandro clicks on Model Container, Alejandro enters 'Galaxy Note 10' then hits ARROW_DOWN and ENTER into Model, Alejandro clicks on Os Container, Alejandro enters 'Android 12' then hits ARROW_DOWN and ENTER into OS, Alejandro clicks on Last Step], Alejandro fill last step [Alejandro enters 'AleJo345216*' into Password, Alejandro enters 'AleJo345216*' into Confirm Password, Alejandro clicks on Stay Informed, Alejandro clicks on Terms of use, Alejandro clicks on Privacy and security Policy, Alejandro clicks on Complete Setup]]
[Test worker] WARN net.thucydides.core.steps.BaseStepListener - stepFinished: current outcome:Register for Alejandro in uTest page.:Given than Alejandro wants to register in utest [Alejandro open up [Alejandro opens the Choucair utest page, Alejandro clicks on Join Today Button]], When the user enters the required data
| strFirstName | strLastName | strEmail | strBirthMonth | strBirthDay | strBirthYear | strCity | strZip | strCountry | strBrand | strModel | strOS | strPassword |
| Alejandro | Betancur | alejobetancur2@gmail.com | June | 2 | 1991 | Medellín | 050047 | Colombia | Samsung | Galaxy Note 10 | Android 12 | AleJo345216* | [Alejandro fill [Alejandro enters 'Alejandro' into First Name, Alejandro enters 'Betancur' into Last Name, Alejandro enters 'alejobetancur2@gmail.com' into Email, Alejandro select June on Birth Month, Alejandro select 2 on Birth Day, Alejandro select 1991 on Birth Year, Alejandro clicks on Go to next page], Alejandro fill location [Alejandro enters 'Medellín' into City, Alejandro types 'ARROW_DOWN' in City, Alejandro types 'ENTER' in City, Alejandro enters '050047' into Zip, Alejandro clicks on Country Container, Alejandro enters 'Colombia' then hits ARROW_DOWN and ENTER into Country, Alejandro clicks on Go to next devices], Alejandro fill device [Alejandro clicks on Brand container, Alejandro enters 'Samsung' then hits ARROW_DOWN and ENTER into Brand, Alejandro clicks on Model Container, Alejandro enters 'Galaxy Note 10' then hits ARROW_DOWN and ENTER into Model, Alejandro clicks on Os Container, Alejandro enters 'Android 12' then hits ARROW_DOWN and ENTER into OS, Alejandro clicks on Last Step], Alejandro fill last step [Alejandro enters 'AleJo345216*' into Password, Alejandro enters 'AleJo345216*' into Confirm Password, Alejandro clicks on Stay Informed, Alejandro clicks on Terms of use, Alejandro clicks on Privacy and security Policy, Alejandro clicks on Complete Setup]]
[Test worker] WARN net.thucydides.core.steps.BaseStepListener - stepStarted: net.thucydides.core.steps.ExecutedStepDescription@11013809
[Test worker] WARN net.thucydides.core.steps.BaseStepListener - stepStarted: net.thucydides.core.steps.ExecutedStepDescription@6a52373a
[Test worker] WARN net.thucydides.core.steps.BaseStepListener - stepFinished: current outcome:Register for Alejandro in uTest page.:Given than Alejandro wants to register in utest [Alejandro open up [Alejandro opens the Choucair utest page, Alejandro clicks on Join Today Button]], When the user enters the required data
| strFirstName | strLastName | strEmail | strBirthMonth | strBirthDay | strBirthYear | strCity | strZip | strCountry | strBrand | strModel | strOS | strPassword |
| Alejandro | Betancur | alejobetancur2@gmail.com | June | 2 | 1991 | Medellín | 050047 | Colombia | Samsung | Galaxy Note 10 | Android 12 | AleJo345216* | [Alejandro fill [Alejandro enters 'Alejandro' into First Name, Alejandro enters 'Betancur' into Last Name, Alejandro enters 'alejobetancur2@gmail.com' into Email, Alejandro select June on Birth Month, Alejandro select 2 on Birth Day, Alejandro select 1991 on Birth Year, Alejandro clicks on Go to next page], Alejandro fill location [Alejandro enters 'Medellín' into City, Alejandro types 'ARROW_DOWN' in City, Alejandro types 'ENTER' in City, Alejandro enters '050047' into Zip, Alejandro clicks on Country Container, Alejandro enters 'Colombia' then hits ARROW_DOWN and ENTER into Country, Alejandro clicks on Go to next devices], Alejandro fill device [Alejandro clicks on Brand container, Alejandro enters 'Samsung' then hits ARROW_DOWN and ENTER into Brand, Alejandro clicks on Model Container, Alejandro enters 'Galaxy Note 10' then hits ARROW_DOWN and ENTER into Model, Alejandro clicks on Os Container, Alejandro enters 'Android 12' then hits ARROW_DOWN and ENTER into OS, Alejandro clicks on Last Step], Alejandro fill last step [Alejandro enters 'AleJo345216*' into Password, Alejandro enters 'AleJo345216*' into Confirm Password, Alejandro clicks on Stay Informed, Alejandro clicks on Terms of use, Alejandro clicks on Privacy and security Policy, Alejandro clicks on Complete Setup]], Then registration is completed
| strCompleteSetup |
| Complete Setup | [Then reply]
[Test worker] WARN net.thucydides.core.steps.BaseStepListener - stepFinished: current outcome:Register for Alejandro in uTest page.:Given than Alejandro wants to register in utest [Alejandro open up [Alejandro opens the Choucair utest page, Alejandro clicks on Join Today Button]], When the user enters the required data
| strFirstName | strLastName | strEmail | strBirthMonth | strBirthDay | strBirthYear | strCity | strZip | strCountry | strBrand | strModel | strOS | strPassword |
| Alejandro | Betancur | alejobetancur2@gmail.com | June | 2 | 1991 | Medellín | 050047 | Colombia | Samsung | Galaxy Note 10 | Android 12 | AleJo345216* | [Alejandro fill [Alejandro enters 'Alejandro' into First Name, Alejandro enters 'Betancur' into Last Name, Alejandro enters 'alejobetancur2@gmail.com' into Email, Alejandro select June on Birth Month, Alejandro select 2 on Birth Day, Alejandro select 1991 on Birth Year, Alejandro clicks on Go to next page], Alejandro fill location [Alejandro enters 'Medellín' into City, Alejandro types 'ARROW_DOWN' in City, Alejandro types 'ENTER' in City, Alejandro enters '050047' into Zip, Alejandro clicks on Country Container, Alejandro enters 'Colombia' then hits ARROW_DOWN and ENTER into Country, Alejandro clicks on Go to next devices], Alejandro fill device [Alejandro clicks on Brand container, Alejandro enters 'Samsung' then hits ARROW_DOWN and ENTER into Brand, Alejandro clicks on Model Container, Alejandro enters 'Galaxy Note 10' then hits ARROW_DOWN and ENTER into Model, Alejandro clicks on Os Container, Alejandro enters 'Android 12' then hits ARROW_DOWN and ENTER into OS, Alejandro clicks on Last Step], Alejandro fill last step [Alejandro enters 'AleJo345216*' into Password, Alejandro enters 'AleJo345216*' into Confirm Password, Alejandro clicks on Stay Informed, Alejandro clicks on Terms of use, Alejandro clicks on Privacy and security Policy, Alejandro clicks on Complete Setup]], Then registration is completed
| strCompleteSetup |
| Complete Setup | [Then reply]
[Test worker] WARN net.thucydides.core.steps.BaseStepListener - testFinished: Register for Alejandro in uTest page.:Given than Alejandro wants to register in utest [Alejandro open up [Alejandro opens the Choucair utest page, Alejandro clicks on Join Today Button]], When the user enters the required data
| strFirstName | strLastName | strEmail | strBirthMonth | strBirthDay | strBirthYear | strCity | strZip | strCountry | strBrand | strModel | strOS | strPassword |
| Alejandro | Betancur | alejobetancur2@gmail.com | June | 2 | 1991 | Medellín | 050047 | Colombia | Samsung | Galaxy Note 10 | Android 12 | AleJo345216* | [Alejandro fill [Alejandro enters 'Alejandro' into First Name, Alejandro enters 'Betancur' into Last Name, Alejandro enters 'alejobetancur2@gmail.com' into Email, Alejandro select June on Birth Month, Alejandro select 2 on Birth Day, Alejandro select 1991 on Birth Year, Alejandro clicks on Go to next page], Alejandro fill location [Alejandro enters 'Medellín' into City, Alejandro types 'ARROW_DOWN' in City, Alejandro types 'ENTER' in City, Alejandro enters '050047' into Zip, Alejandro clicks on Country Container, Alejandro enters 'Colombia' then hits ARROW_DOWN and ENTER into Country, Alejandro clicks on Go to next devices], Alejandro fill device [Alejandro clicks on Brand container, Alejandro enters 'Samsung' then hits ARROW_DOWN and ENTER into Brand, Alejandro clicks on Model Container, Alejandro enters 'Galaxy Note 10' then hits ARROW_DOWN and ENTER into Model, Alejandro clicks on Os Container, Alejandro enters 'Android 12' then hits ARROW_DOWN and ENTER into OS, Alejandro clicks on Last Step], Alejandro fill last step [Alejandro enters 'AleJo345216*' into Password, Alejandro enters 'AleJo345216*' into Confirm Password, Alejandro clicks on Stay Informed, Alejandro clicks on Terms of use, Alejandro clicks on Privacy and security Policy, Alejandro clicks on Complete Setup]], Then registration is completed
| strCompleteSetup |
| Complete Setup | [Then reply]
[Test worker] WARN net.thucydides.core.steps.BaseStepListener - TestOutcomes: [Register for Alejandro in uTest page.:Given than Alejandro wants to register in utest [Alejandro open up [Alejandro opens the Choucair utest page, Alejandro clicks on Join Today Button]], When the user enters the required data
| strFirstName | strLastName | strEmail | strBirthMonth | strBirthDay | strBirthYear | strCity | strZip | strCountry | strBrand | strModel | strOS | strPassword |
| Alejandro | Betancur | alejobetancur2@gmail.com | June | 2 | 1991 | Medellín | 050047 | Colombia | Samsung | Galaxy Note 10 | Android 12 | AleJo345216* | [Alejandro fill [Alejandro enters 'Alejandro' into First Name, Alejandro enters 'Betancur' into Last Name, Alejandro enters 'alejobetancur2@gmail.com' into Email, Alejandro select June on Birth Month, Alejandro select 2 on Birth Day, Alejandro select 1991 on Birth Year, Alejandro clicks on Go to next page], Alejandro fill location [Alejandro enters 'Medellín' into City, Alejandro types 'ARROW_DOWN' in City, Alejandro types 'ENTER' in City, Alejandro enters '050047' into Zip, Alejandro clicks on Country Container, Alejandro enters 'Colombia' then hits ARROW_DOWN and ENTER into Country, Alejandro clicks on Go to next devices], Alejandro fill device [Alejandro clicks on Brand container, Alejandro enters 'Samsung' then hits ARROW_DOWN and ENTER into Brand, Alejandro clicks on Model Container, Alejandro enters 'Galaxy Note 10' then hits ARROW_DOWN and ENTER into Model, Alejandro clicks on Os Container, Alejandro enters 'Android 12' then hits ARROW_DOWN and ENTER into OS, Alejandro clicks on Last Step], Alejandro fill last step [Alejandro enters 'AleJo345216*' into Password, Alejandro enters 'AleJo345216*' into Confirm Password, Alejandro clicks on Stay Informed, Alejandro clicks on Terms of use, Alejandro clicks on Privacy and security Policy, Alejandro clicks on Complete Setup]], Then registration is completed
| strCompleteSetup |
| Complete Setup | [Then reply]]
[Test worker] WARN net.thucydides.core.steps.BaseStepListener - Final testOutcomes: [Register for Alejandro in uTest page.:Given than Alejandro wants to register in utest [Alejandro open up [Alejandro opens the Choucair utest page, Alejandro clicks on Join Today Button]], When the user enters the required data
| strFirstName | strLastName | strEmail | strBirthMonth | strBirthDay | strBirthYear | strCity | strZip | strCountry | strBrand | strModel | strOS | strPassword |
| Alejandro | Betancur | alejobetancur2@gmail.com | June | 2 | 1991 | Medellín | 050047 | Colombia | Samsung | Galaxy Note 10 | Android 12 | AleJo345216* | [Alejandro fill [Alejandro enters 'Alejandro' into First Name, Alejandro enters 'Betancur' into Last Name, Alejandro enters 'alejobetancur2@gmail.com' into Email, Alejandro select June on Birth Month, Alejandro select 2 on Birth Day, Alejandro select 1991 on Birth Year, Alejandro clicks on Go to next page], Alejandro fill location [Alejandro enters 'Medellín' into City, Alejandro types 'ARROW_DOWN' in City, Alejandro types 'ENTER' in City, Alejandro enters '050047' into Zip, Alejandro clicks on Country Container, Alejandro enters 'Colombia' then hits ARROW_DOWN and ENTER into Country, Alejandro clicks on Go to next devices], Alejandro fill device [Alejandro clicks on Brand container, Alejandro enters 'Samsung' then hits ARROW_DOWN and ENTER into Brand, Alejandro clicks on Model Container, Alejandro enters 'Galaxy Note 10' then hits ARROW_DOWN and ENTER into Model, Alejandro clicks on Os Container, Alejandro enters 'Android 12' then hits ARROW_DOWN and ENTER into OS, Alejandro clicks on Last Step], Alejandro fill last step [Alejandro enters 'AleJo345216*' into Password, Alejandro enters 'AleJo345216*' into Confirm Password, Alejandro clicks on Stay Informed, Alejandro clicks on Terms of use, Alejandro clicks on Privacy and security Policy, Alejandro clicks on Complete Setup]], Then registration is completed
| strCompleteSetup |
| Complete Setup | [Then reply]]
[Test worker] INFO net.thucydides.core.steps.ConsoleLoggingListener - 
        __    _____ _____ ____ _____   ____   _    ____  ____  _____ ____  
  _     \ \  |_   _| ____/ ___|_   _| |  _ \ / \  / ___|/ ___|| ____|  _ \ 
 (_)_____| |   | | |  _| \___ \ | |   | |_) / _ \ \___ \\___ \|  _| | | | |
  _|_____| |   | | | |___ ___) || |   |  __/ ___ \ ___) |___) | |___| |_| |
 (_)     | |   |_| |_____|____/ |_|   |_| /_/   \_\____/|____/|_____|____/ 
        /_/                                                                

TEST PASSED: Register for Alejandro in uTest page.
----------------------------------------------------------------------------
]]></system-err>
</testsuite>
